<?xml version="1.0" encoding="UTF-8"?>
<testng-results ignored="0" total="1" passed="1" failed="0" skipped="0">
  <reporter-output>
  </reporter-output>
  <suite started-at="2023-12-03T22:16:45 PKT" name="Default suite" finished-at="2023-12-03T22:20:08 PKT" duration-ms="203235">
    <groups>
    </groups>
    <test started-at="2023-12-03T22:16:45 PKT" name="Default test" finished-at="2023-12-03T22:20:08 PKT" duration-ms="203235">
      <class name="LearningAppium.KycUSCitizenUSAResident">
        <test-method is-config="true" signature="ConfigureAppium()[pri:0, instance:LearningAppium.KycUSCitizenUSAResident@48f2bd5b]" started-at="2023-12-03T22:16:45 PKT" name="ConfigureAppium" finished-at="2023-12-03T22:18:02 PKT" duration-ms="77739" status="PASS">
          <reporter-output>
          </reporter-output>
        </test-method> <!-- ConfigureAppium -->
        <test-method signature="KycUSCitizenTest()[pri:0, instance:LearningAppium.KycUSCitizenUSAResident@48f2bd5b]" started-at="2023-12-03T22:18:02 PKT" name="KycUSCitizenTest" finished-at="2023-12-03T22:20:07 PKT" duration-ms="124337" status="PASS">
          <reporter-output>
          </reporter-output>
        </test-method> <!-- KycUSCitizenTest -->
        <test-method is-config="true" signature="tearDown()[pri:0, instance:LearningAppium.KycUSCitizenUSAResident@48f2bd5b]" started-at="2023-12-03T22:20:07 PKT" name="tearDown" finished-at="2023-12-03T22:20:08 PKT" duration-ms="1092" status="PASS">
          <reporter-output>
          </reporter-output>
        </test-method> <!-- tearDown -->
      </class> <!-- LearningAppium.KycUSCitizenUSAResident -->
    </test> <!-- Default test -->
  </suite> <!-- Default suite -->
</testng-results>
